Using pre-set license
Built from '2020.2/release' branch; Version is '2020.2.2f1 (068178b99f32) revision 426360'; Using compiler version '192528614'; Build Type 'Release'
OS: 'Windows 10 Pro; OS build 22631.3085; Version 2009; 64bit' Language: 'es' Physical Memory: 32679 MB
BatchMode: 1, IsHumanControllingUs: 0, StartBugReporterOnCrash: 0, Is64bit: 1, IsPro: 0

 COMMAND LINE ARGUMENTS:
C:\Program Files\Unity\Hub\Editor\2020.2.2f1\Editor\Unity.exe
-adb2
-batchMode
-noUpm
-name
AssetImportWorker0
-projectPath
C:/Users/julia/OneDrive/Documentos/Proyecto de Grado/Resilio
-logFile
Logs/AssetImportWorker0.log
-srvPort
52878
Successfully changed project path to: C:/Users/julia/OneDrive/Documentos/Proyecto de Grado/Resilio
C:/Users/julia/OneDrive/Documentos/Proyecto de Grado/Resilio
Using Asset Import Pipeline V2.
Refreshing native plugins compatible for Editor in 28.35 ms, found 1 plugins.
Preloading 0 native plugins for Editor in 0.00 ms.
Initialize engine version: 2020.2.2f1 (068178b99f32)
[Subsystems] Discovering subsystems at path C:/Program Files/Unity/Hub/Editor/2020.2.2f1/Editor/Data/Resources/UnitySubsystems
[Subsystems] Discovering subsystems at path C:/Users/julia/OneDrive/Documentos/Proyecto de Grado/Resilio/Assets
GfxDevice: creating device client; threaded=0
Direct3D:
    Version:  Direct3D 11.0 [level 11.1]
    Renderer: Intel(R) Arc(TM) A750 Graphics (ID=0x56a1)
    Vendor:   
    VRAM:     8096 MB
    Driver:   31.0.101.5186
Initialize mono
Mono path[0] = 'C:/Program Files/Unity/Hub/Editor/2020.2.2f1/Editor/Data/Managed'
Mono path[1] = 'C:/Program Files/Unity/Hub/Editor/2020.2.2f1/Editor/Data/MonoBleedingEdge/lib/mono/unityjit'
Mono config path = 'C:/Program Files/Unity/Hub/Editor/2020.2.2f1/Editor/Data/MonoBleedingEdge/etc'
Using monoOptions --debugger-agent=transport=dt_socket,embedding=1,server=y,suspend=n,address=127.0.0.1:56580
Begin MonoManager ReloadAssembly
Registering precompiled unity dll's ...
Register platform support module: C:/Program Files/Unity/Hub/Editor/2020.2.2f1/Editor/Data/PlaybackEngines/WindowsStandaloneSupport/UnityEditor.WindowsStandalone.Extensions.dll
Registered in 0.000958 seconds.
Native extension for WindowsStandalone target not found
Refreshing native plugins compatible for Editor in 27.94 ms, found 1 plugins.
Preloading 0 native plugins for Editor in 0.00 ms.
Invoked RoslynAnalysisRunner static constructor.
RoslynAnalysisRunner will not be running.
RoslynAnalysisRunner has terminated.
Mono: successfully reloaded assembly
- Completed reload, in  0.678 seconds
Platform modules already initialized, skipping
Registering precompiled user dll's ...
Registered in 0.000650 seconds.
Begin MonoManager ReloadAssembly
Native extension for WindowsStandalone target not found
Refreshing native plugins compatible for Editor in 27.48 ms, found 1 plugins.
Preloading 0 native plugins for Editor in 0.00 ms.
Invoked RoslynAnalysisRunner static constructor.
RoslynAnalysisRunner will not be running.
RoslynAnalysisRunner has terminated.
Mono: successfully reloaded assembly
- Completed reload, in  0.589 seconds
Platform modules already initialized, skipping
========================================================================
Worker process is ready to serve import requests
Launched and connected shader compiler UnityShaderCompiler.exe after 0.03 seconds
Refreshing native plugins compatible for Editor in 0.40 ms, found 1 plugins.
Preloading 0 native plugins for Editor in 0.00 ms.
Unloading 1843 Unused Serialized files (Serialized files now loaded: 0)
System memory in use before: 87.2 MB.
System memory in use after: 87.2 MB.

Unloading 24 unused Assets to reduce memory usage. Loaded Objects now: 2285.
Total: 1.668800 ms (FindLiveObjects: 0.186100 ms CreateObjectMapping: 0.039000 ms MarkObjects: 1.340400 ms  DeleteObjects: 0.102400 ms)

========================================================================
Received Import Request.
  path: Assets/AudioMixer.mixer
  artifactKey: Guid(87667bb3ec54d1144be4b3ebbb2b6c42) Importer(815301076,1909f56bfc062723c751e8b465ee728b)
Start importing Assets/AudioMixer.mixer using Guid(87667bb3ec54d1144be4b3ebbb2b6c42) Importer(815301076,1909f56bfc062723c751e8b465ee728b)  -> (artifact id: '956aff853180a043da85e81d1a6d31f1') in 0.035294 seconds
  Import took 0.038034 seconds .

========================================================================
Received Import Request.
  Time since last request: 9654.503198 seconds.
  path: Assets/Scenes/PrimerTablero.unity
  artifactKey: Guid(38b8c102e855f43448a16aad1b674f22) Importer(815301076,1909f56bfc062723c751e8b465ee728b)
Start importing Assets/Scenes/PrimerTablero.unity using Guid(38b8c102e855f43448a16aad1b674f22) Importer(815301076,1909f56bfc062723c751e8b465ee728b)  -> (artifact id: '81f4b91395c161270c06d81e73b2a95c') in 0.008020 seconds
  Import took 0.011418 seconds .

========================================================================
Received Import Request.
  Time since last request: 0.003289 seconds.
  path: Assets/Scenes/PrimerTablero.unity
  artifactKey: Guid(38b8c102e855f43448a16aad1b674f22) Importer(815301076,1909f56bfc062723c751e8b465ee728b)
Start importing Assets/Scenes/PrimerTablero.unity using Guid(38b8c102e855f43448a16aad1b674f22) Importer(815301076,1909f56bfc062723c751e8b465ee728b)  -> (artifact id: '81f4b91395c161270c06d81e73b2a95c') in 0.002272 seconds
  Import took 0.004923 seconds .

========================================================================
Received Import Request.
  Time since last request: 2006.646588 seconds.
  path: Assets/SpriteSheets/background/background_cave.png
  artifactKey: Guid(07e060f2dabba86439752a74b30ad9ec) Importer(815301076,1909f56bfc062723c751e8b465ee728b)
Start importing Assets/SpriteSheets/background/background_cave.png using Guid(07e060f2dabba86439752a74b30ad9ec) Importer(815301076,1909f56bfc062723c751e8b465ee728b)  -> (artifact id: '8b75044a4a7f5b349855c10c31fce6db') in 0.078375 seconds
  Import took 0.081999 seconds .

========================================================================
Received Import Request.
  Time since last request: 0.000177 seconds.
  path: Assets/SpriteSheets/background/jungle_paralax_bg2.png
  artifactKey: Guid(92dd54641b561ac49a000f5bcca98e21) Importer(815301076,1909f56bfc062723c751e8b465ee728b)
Start importing Assets/SpriteSheets/background/jungle_paralax_bg2.png using Guid(92dd54641b561ac49a000f5bcca98e21) Importer(815301076,1909f56bfc062723c751e8b465ee728b)  -> (artifact id: '3ed97666b1d47fa0c5c1a9f33331ee36') in 0.011971 seconds
  Import took 0.014284 seconds .

========================================================================
Received Import Request.
  Time since last request: 0.000188 seconds.
  path: Assets/SpriteSheets/background/tile_cave_blob_1.png
  artifactKey: Guid(6ff53ff63c3247e4ea4eee5a61320914) Importer(815301076,1909f56bfc062723c751e8b465ee728b)
Start importing Assets/SpriteSheets/background/tile_cave_blob_1.png using Guid(6ff53ff63c3247e4ea4eee5a61320914) Importer(815301076,1909f56bfc062723c751e8b465ee728b)  -> (artifact id: '8b764cc779258955f2132bdcbd86616d') in 0.010149 seconds
  Import took 0.012678 seconds .

========================================================================
Received Import Request.
  Time since last request: 0.000361 seconds.
  path: Assets/SpriteSheets/background/background_color.png
  artifactKey: Guid(618d25c052121054a8f51383d6d4b62c) Importer(815301076,1909f56bfc062723c751e8b465ee728b)
Start importing Assets/SpriteSheets/background/background_color.png using Guid(618d25c052121054a8f51383d6d4b62c) Importer(815301076,1909f56bfc062723c751e8b465ee728b)  -> (artifact id: '1cb54b7b2ad16f28716e80c63d5d4b83') in 0.012922 seconds
  Import took 0.017132 seconds .

========================================================================
Received Import Request.
  Time since last request: 0.000202 seconds.
  path: Assets/SpriteSheets/background/clouds2.png
  artifactKey: Guid(84aaabed5effe764ba731ba5545a2d3a) Importer(815301076,1909f56bfc062723c751e8b465ee728b)
Start importing Assets/SpriteSheets/background/clouds2.png using Guid(84aaabed5effe764ba731ba5545a2d3a) Importer(815301076,1909f56bfc062723c751e8b465ee728b)  -> (artifact id: '6eaf028190faec76485954bf8872def0') in 0.010867 seconds
  Import took 0.013524 seconds .

========================================================================
Received Import Request.
  Time since last request: 0.000357 seconds.
  path: Assets/SpriteSheets/background/jungle_tree2_bg.png
  artifactKey: Guid(b949929fd7117734f9f36bb29b54fd94) Importer(815301076,1909f56bfc062723c751e8b465ee728b)
Start importing Assets/SpriteSheets/background/jungle_tree2_bg.png using Guid(b949929fd7117734f9f36bb29b54fd94) Importer(815301076,1909f56bfc062723c751e8b465ee728b)  -> (artifact id: '45311674bf2c81ad1c6cb8bf24de5bb7') in 0.010847 seconds
  Import took 0.014011 seconds .

========================================================================
Received Import Request.
  Time since last request: 0.000157 seconds.
  path: Assets/SpriteSheets/background/menuBackground.png
  artifactKey: Guid(d2f1a8132ac065d47bb1c37faac5ba41) Importer(815301076,1909f56bfc062723c751e8b465ee728b)
Start importing Assets/SpriteSheets/background/menuBackground.png using Guid(d2f1a8132ac065d47bb1c37faac5ba41) Importer(815301076,1909f56bfc062723c751e8b465ee728b)  -> (artifact id: '8b4ccd2b17ebd6a03c33b47ca2a9746c') in 0.022192 seconds
  Import took 0.024601 seconds .

========================================================================
Received Import Request.
  Time since last request: 0.000156 seconds.
  path: Assets/SpriteSheets/background/jungle_tree1_bg.png
  artifactKey: Guid(d21cc39d51e9db9419a30095f5b91eaf) Importer(815301076,1909f56bfc062723c751e8b465ee728b)
Start importing Assets/SpriteSheets/background/jungle_tree1_bg.png using Guid(d21cc39d51e9db9419a30095f5b91eaf) Importer(815301076,1909f56bfc062723c751e8b465ee728b)  -> (artifact id: 'c667cc9bac0b2834b512d16c5e1aef95') in 0.010646 seconds
  Import took 0.013407 seconds .

========================================================================
Received Import Request.
  Time since last request: 0.000162 seconds.
  path: Assets/SpriteSheets/background/jungle_paralax_bg1.png
  artifactKey: Guid(d16937d69aacb554287f5f6f8b566f0e) Importer(815301076,1909f56bfc062723c751e8b465ee728b)
Start importing Assets/SpriteSheets/background/jungle_paralax_bg1.png using Guid(d16937d69aacb554287f5f6f8b566f0e) Importer(815301076,1909f56bfc062723c751e8b465ee728b)  -> (artifact id: '32c1f053dfac0bcbc4015c5ae06361f1') in 0.011125 seconds
  Import took 0.013835 seconds .

========================================================================
Received Import Request.
  Time since last request: 0.000228 seconds.
  path: Assets/SpriteSheets/background/clouds1.png
  artifactKey: Guid(d358bad8d6d9bc74880addef546b004d) Importer(815301076,1909f56bfc062723c751e8b465ee728b)
Start importing Assets/SpriteSheets/background/clouds1.png using Guid(d358bad8d6d9bc74880addef546b004d) Importer(815301076,1909f56bfc062723c751e8b465ee728b)  -> (artifact id: 'd6bc92effbccc330946adda4838b600a') in 0.011349 seconds
  Import took 0.013874 seconds .

========================================================================
Received Import Request.
  Time since last request: 0.000177 seconds.
  path: Assets/SpriteSheets/background/jungle_tree1.png
  artifactKey: Guid(d54e36ff381ff8f4bbde130d30c03aee) Importer(815301076,1909f56bfc062723c751e8b465ee728b)
Start importing Assets/SpriteSheets/background/jungle_tree1.png using Guid(d54e36ff381ff8f4bbde130d30c03aee) Importer(815301076,1909f56bfc062723c751e8b465ee728b)  -> (artifact id: '587a3305346a6db37cd080dfa1073312') in 0.011414 seconds
  Import took 0.014617 seconds .

========================================================================
Received Import Request.
  Time since last request: 0.000176 seconds.
  path: Assets/SpriteSheets/background/jungle_tree2.png
  artifactKey: Guid(b4c642e5456846c47bef94355d222533) Importer(815301076,1909f56bfc062723c751e8b465ee728b)
Start importing Assets/SpriteSheets/background/jungle_tree2.png using Guid(b4c642e5456846c47bef94355d222533) Importer(815301076,1909f56bfc062723c751e8b465ee728b)  -> (artifact id: '3b31dcab000d33733feac74afd2968e3') in 0.011108 seconds
  Import took 0.013485 seconds .

========================================================================
Received Import Request.
  Time since last request: 0.000183 seconds.
  path: Assets/SpriteSheets/background/tile_cave_hole_1.png
  artifactKey: Guid(f021ea53bf72b8b4bb7787555ec0d86f) Importer(815301076,1909f56bfc062723c751e8b465ee728b)
Start importing Assets/SpriteSheets/background/tile_cave_hole_1.png using Guid(f021ea53bf72b8b4bb7787555ec0d86f) Importer(815301076,1909f56bfc062723c751e8b465ee728b)  -> (artifact id: 'd3552cdf6b7127594392815f90841452') in 0.012176 seconds
  Import took 0.014488 seconds .

========================================================================
Received Import Request.
  Time since last request: 4613.296984 seconds.
  path: Assets/SpriteSheets/background/sheet_19.png
  artifactKey: Guid(44a059baa10afe64da248bc87387047e) Importer(815301076,1909f56bfc062723c751e8b465ee728b)
Start importing Assets/SpriteSheets/background/sheet_19.png using Guid(44a059baa10afe64da248bc87387047e) Importer(815301076,1909f56bfc062723c751e8b465ee728b)  -> (artifact id: 'a181a0d38afb6d6ee988ba91adebc49e') in 0.012071 seconds
  Import took 0.014756 seconds .

========================================================================
Received Import Request.
  Time since last request: 14.592806 seconds.
  path: Assets/SpriteSheets/background/ground_first.png
  artifactKey: Guid(44a059baa10afe64da248bc87387047e) Importer(815301076,1909f56bfc062723c751e8b465ee728b)
Start importing Assets/SpriteSheets/background/ground_first.png using Guid(44a059baa10afe64da248bc87387047e) Importer(815301076,1909f56bfc062723c751e8b465ee728b)  -> (artifact id: '2314b2fb141625642d805a87f5b0f59c') in 0.011608 seconds
  Import took 0.014401 seconds .

========================================================================
Received Import Request.
  Time since last request: 455.519132 seconds.
  path: Assets/SpriteSheets/background/menuBackground.png
  artifactKey: Guid(d2f1a8132ac065d47bb1c37faac5ba41) Importer(815301076,1909f56bfc062723c751e8b465ee728b)
Start importing Assets/SpriteSheets/background/menuBackground.png using Guid(d2f1a8132ac065d47bb1c37faac5ba41) Importer(815301076,1909f56bfc062723c751e8b465ee728b)  -> (artifact id: 'a9e65cfb115c8e8a6198db4a665d3653') in 0.018431 seconds
  Import took 0.021526 seconds .

========================================================================
Received Import Request.
  Time since last request: 16.366672 seconds.
  path: Assets/SpriteSheets/background/menuBackground.png
  artifactKey: Guid(d2f1a8132ac065d47bb1c37faac5ba41) Importer(815301076,1909f56bfc062723c751e8b465ee728b)
Start importing Assets/SpriteSheets/background/menuBackground.png using Guid(d2f1a8132ac065d47bb1c37faac5ba41) Importer(815301076,1909f56bfc062723c751e8b465ee728b)  -> (artifact id: 'bacad170f05c39a11e3ab406fbb70d80') in 0.019792 seconds
  Import took 0.022731 seconds .

========================================================================
Received Import Request.
  Time since last request: 239.947760 seconds.
  path: Assets/SpriteSheets/background/ground_first.png
  artifactKey: Guid(44a059baa10afe64da248bc87387047e) Importer(815301076,1909f56bfc062723c751e8b465ee728b)
Start importing Assets/SpriteSheets/background/ground_first.png using Guid(44a059baa10afe64da248bc87387047e) Importer(815301076,1909f56bfc062723c751e8b465ee728b)  -> (artifact id: '15a0d474eef4eca91f736801a1921c44') in 0.009482 seconds
  Import took 0.012345 seconds .

========================================================================
Received Import Request.
  Time since last request: 7288.306668 seconds.
  path: Assets/SpriteSheets/background/ground_first.png
  artifactKey: Guid(44a059baa10afe64da248bc87387047e) Importer(815301076,1909f56bfc062723c751e8b465ee728b)
Start importing Assets/SpriteSheets/background/ground_first.png using Guid(44a059baa10afe64da248bc87387047e) Importer(815301076,1909f56bfc062723c751e8b465ee728b)  -> (artifact id: '584fffb8b5522c3c5e8d2eb0df54ff8a') in 0.253469 seconds
  Import took 0.257157 seconds .

========================================================================
Received Import Request.
  Time since last request: 848.092202 seconds.
  path: Assets/SpriteSheets/background/ground_first.png
  artifactKey: Guid(44a059baa10afe64da248bc87387047e) Importer(815301076,1909f56bfc062723c751e8b465ee728b)
Start importing Assets/SpriteSheets/background/ground_first.png using Guid(44a059baa10afe64da248bc87387047e) Importer(815301076,1909f56bfc062723c751e8b465ee728b)  -> (artifact id: '2620b008aea93a7c2e5e648ee9594995') in 0.020026 seconds
  Import took 0.023021 seconds .

========================================================================
Received Import Request.
  Time since last request: 33.928382 seconds.
  path: Assets/SpriteSheets/background/ground_first.png
  artifactKey: Guid(44a059baa10afe64da248bc87387047e) Importer(815301076,1909f56bfc062723c751e8b465ee728b)
Start importing Assets/SpriteSheets/background/ground_first.png using Guid(44a059baa10afe64da248bc87387047e) Importer(815301076,1909f56bfc062723c751e8b465ee728b)  -> (artifact id: '3c09a171f6c2b6ecae6a6406690b4e20') in 0.017316 seconds
  Import took 0.020041 seconds .

========================================================================
Received Import Request.
  Time since last request: 78.909285 seconds.
  path: Assets/SpriteSheets/background/ground_first.png
  artifactKey: Guid(44a059baa10afe64da248bc87387047e) Importer(815301076,1909f56bfc062723c751e8b465ee728b)
Start importing Assets/SpriteSheets/background/ground_first.png using Guid(44a059baa10afe64da248bc87387047e) Importer(815301076,1909f56bfc062723c751e8b465ee728b)  -> (artifact id: '6143ec5e745c90bc51ed73e9a8a8c0cc') in 0.020379 seconds
  Import took 0.023746 seconds .

========================================================================
Received Import Request.
  Time since last request: 80.909005 seconds.
  path: Assets/SpriteSheets/background/ground_first.asset
  artifactKey: Guid(57610852bd10c694bb511ef13fb5cd0a) Importer(815301076,1909f56bfc062723c751e8b465ee728b)
Start importing Assets/SpriteSheets/background/ground_first.asset using Guid(57610852bd10c694bb511ef13fb5cd0a) Importer(815301076,1909f56bfc062723c751e8b465ee728b)  -> (artifact id: '0f521fe67543101853508e201d273b32') in 0.028337 seconds
  Import took 0.031023 seconds .

========================================================================
Received Prepare
Registering precompiled user dll's ...
Registered in 0.000545 seconds.
Begin MonoManager ReloadAssembly
Native extension for WindowsStandalone target not found
Refreshing native plugins compatible for Editor in 0.36 ms, found 1 plugins.
Preloading 0 native plugins for Editor in 0.00 ms.
Invoked RoslynAnalysisRunner static constructor.
RoslynAnalysisRunner will not be running.
RoslynAnalysisRunner has terminated.
Mono: successfully reloaded assembly
- Completed reload, in  0.537 seconds
Platform modules already initialized, skipping
Refreshing native plugins compatible for Editor in 0.36 ms, found 1 plugins.
Preloading 0 native plugins for Editor in 0.00 ms.
Unloading 1825 Unused Serialized files (Serialized files now loaded: 0)
System memory in use before: 89.5 MB.
System memory in use after: 89.5 MB.

Unloading 12 unused Assets to reduce memory usage. Loaded Objects now: 2320.
Total: 1.631000 ms (FindLiveObjects: 0.153600 ms CreateObjectMapping: 0.048500 ms MarkObjects: 1.346700 ms  DeleteObjects: 0.081600 ms)

AssetImportWorkerClient::OnTransportError - code=2 error=End of file
